#
# There is insufficient memory for the Java Runtime Environment to continue.
# Native memory allocation (malloc) failed to allocate 1048576 bytes for AllocateHeap
# Possible reasons:
#   The system is out of physical RAM or swap space
#   The process is running with CompressedOops enabled, and the Java Heap may be blocking the growth of the native heap
# Possible solutions:
#   Reduce memory load on the system
#   Increase physical memory or swap space
#   Check if swap backing store is full
#   Decrease Java heap size (-Xmx/-Xms)
#   Decrease number of Java threads
#   Decrease Java thread stack sizes (-Xss)
#   Set larger code cache with -XX:ReservedCodeCacheSize=
#   JVM is running with Unscaled Compressed Oops mode in which the Java heap is
#     placed in the first 4GB address space. The Java Heap base address is the
#     maximum limit for the native heap growth. Please use -XX:HeapBaseMinAddress
#     to set the Java Heap base and to place the Java Heap above 4GB virtual address.
# This output file may be truncated or incomplete.
#
#  Out of Memory Error (allocation.cpp:44), pid=7280, tid=6116
#
# JRE version:  (17.0.12+8) (build )
# Java VM: Java HotSpot(TM) 64-Bit Server VM (17.0.12+8-LTS-286, mixed mode, sharing, tiered, compressed oops, compressed class ptrs, g1 gc, windows-amd64)
# No core dump will be written. Minidumps are not enabled by default on client versions of Windows
#

---------------  S U M M A R Y ------------

Command Line: -Xmx64m -Xms64m -Dorg.gradle.appname=gradlew D:\Jan 2026\Rrooms\android\\gradle\wrapper\gradle-wrapper.jar app:installDebug -PreactNativeDevServerPort=8081

Host: 12th Gen Intel(R) Core(TM) i7-12700, 20 cores, 15G,  Windows 11 , 64 bit Build 26100 (10.0.26100.7309)
Time: Tue Dec 16 12:19:22 2025 India Standard Time elapsed time: 1.021670 seconds (0d 0h 0m 1s)

---------------  T H R E A D  ---------------

Current thread (0x000001a902e01720):  JavaThread "Unknown thread" [_thread_in_vm, id=6116, stack(0x000000844b500000,0x000000844b600000)]

Stack: [0x000000844b500000,0x000000844b600000]
Native frames: (J=compiled Java code, j=interpreted, Vv=VM code, C=native code)
V  [jvm.dll+0x67a04a]
V  [jvm.dll+0x7da4ed]
V  [jvm.dll+0x7dbe33]
V  [jvm.dll+0x7dc4a3]
V  [jvm.dll+0x24508f]
V  [jvm.dll+0xa5e2b]
V  [jvm.dll+0x2d4e37]
V  [jvm.dll+0x7ac9ec]
V  [jvm.dll+0x367591]
V  [jvm.dll+0x78b999]
V  [jvm.dll+0x3ec83f]
V  [jvm.dll+0x3ee471]
C  [jli.dll+0x5297]
C  [ucrtbase.dll+0x37b0]
C  [KERNEL32.DLL+0x2e8d7]
C  [ntdll.dll+0x8c53c]


---------------  P R O C E S S  ---------------

Threads class SMR info:
_java_thread_list=0x00007ff91b7f7a18, length=0, elements={
}

Java Threads: ( => current thread )

Other Threads:

=>0x000001a902e01720 (exited) JavaThread "Unknown thread" [_thread_in_vm, id=6116, stack(0x000000844b500000,0x000000844b600000)]

Threads with active compile tasks:

VM state: not at safepoint (not fully initialized)

VM Mutex/Monitor currently owned by a thread: None

Heap address: 0x0000000000000000, size: 0 MB, Compressed Oops mode: 32-bit

CDS archive(s) mapped at: [0x0000000000000000-0x0000000000000000-0x0000000000000000), size 0, SharedBaseAddress: 0x0000000800000000, ArchiveRelocationMode: 1.
Narrow klass base: 0x0000000000000000, Narrow klass shift: 0, Narrow klass range: 0x0

GC Precious Log:
<Empty>

GC Heap History (0 events):
No events

Deoptimization events (0 events):
No events

Classes unloaded (0 events):
No events

Classes redefined (0 events):
No events

Internal exceptions (0 events):
No events

VM Operations (0 events):
No events

Events (1 events):
Event: 0.004 Loaded shared library C:\Program Files\Java\jdk-17\bin\java.dll


Dynamic libraries:
0x00007ff6c45c0000 - 0x00007ff6c45d0000 	C:\Program Files\Java\jdk-17\bin\java.exe
0x00007ff9bd320000 - 0x00007ff9bd587000 	C:\WINDOWS\SYSTEM32\ntdll.dll
0x00007ff9bbfb0000 - 0x00007ff9bc079000 	C:\WINDOWS\System32\KERNEL32.DLL
0x00007ff9ba470000 - 0x00007ff9ba85f000 	C:\WINDOWS\System32\KERNELBASE.dll
0x00007ff9ba930000 - 0x00007ff9baa7b000 	C:\WINDOWS\System32\ucrtbase.dll
0x00007ff988d60000 - 0x00007ff988d79000 	C:\Program Files\Java\jdk-17\bin\jli.dll
0x00007ff988d40000 - 0x00007ff988d5b000 	C:\Program Files\Java\jdk-17\bin\VCRUNTIME140.dll
0x00007ff9bb9a0000 - 0x00007ff9bba54000 	C:\WINDOWS\System32\ADVAPI32.dll
0x00007ff9bb3c0000 - 0x00007ff9bb469000 	C:\WINDOWS\System32\msvcrt.dll
0x00007ff9bc080000 - 0x00007ff9bc126000 	C:\WINDOWS\System32\sechost.dll
0x00007ff9bbe90000 - 0x00007ff9bbfa8000 	C:\WINDOWS\System32\RPCRT4.dll
0x00007ff9bba60000 - 0x00007ff9bbc25000 	C:\WINDOWS\System32\USER32.dll
0x00007ff9ba870000 - 0x00007ff9ba897000 	C:\WINDOWS\System32\win32u.dll
0x00007ff9bd1d0000 - 0x00007ff9bd1fb000 	C:\WINDOWS\System32\GDI32.dll
0x00007ff9bab30000 - 0x00007ff9bac5c000 	C:\WINDOWS\System32\gdi32full.dll
0x00007ff9a9c30000 - 0x00007ff9a9ec3000 	C:\WINDOWS\WinSxS\amd64_microsoft.windows.common-controls_6595b64144ccf1df_6.0.26100.7309_none_3e05feeae336a044\COMCTL32.dll
0x00007ff9baa80000 - 0x00007ff9bab23000 	C:\WINDOWS\System32\msvcp_win.dll
0x00007ff9b18f0000 - 0x00007ff9b18fb000 	C:\WINDOWS\SYSTEM32\VERSION.dll
0x00007ff9bd080000 - 0x00007ff9bd0b1000 	C:\WINDOWS\System32\IMM32.DLL
0x00007ff988d30000 - 0x00007ff988d3c000 	C:\Program Files\Java\jdk-17\bin\vcruntime140_1.dll
0x00007ff954a30000 - 0x00007ff954abe000 	C:\Program Files\Java\jdk-17\bin\msvcp140.dll
0x00007ff91ad40000 - 0x00007ff91b920000 	C:\Program Files\Java\jdk-17\bin\server\jvm.dll
0x00007ff9bd1c0000 - 0x00007ff9bd1c8000 	C:\WINDOWS\System32\PSAPI.DLL
0x00007ff9551f0000 - 0x00007ff9551fa000 	C:\WINDOWS\SYSTEM32\WSOCK32.dll
0x00007ff9b1900000 - 0x00007ff9b1935000 	C:\WINDOWS\SYSTEM32\WINMM.dll
0x00007ff9bbca0000 - 0x00007ff9bbd14000 	C:\WINDOWS\System32\WS2_32.dll
0x00007ff9b9220000 - 0x00007ff9b923b000 	C:\WINDOWS\SYSTEM32\kernel.appcore.dll
0x00007ff9551e0000 - 0x00007ff9551ea000 	C:\Program Files\Java\jdk-17\bin\jimage.dll
0x00007ff9a7ea0000 - 0x00007ff9a80e2000 	C:\WINDOWS\SYSTEM32\DBGHELP.DLL
0x00007ff9bc980000 - 0x00007ff9bcd05000 	C:\WINDOWS\System32\combase.dll
0x00007ff9bc890000 - 0x00007ff9bc966000 	C:\WINDOWS\System32\OLEAUT32.dll
0x00007ff99a220000 - 0x00007ff99a25c000 	C:\WINDOWS\SYSTEM32\dbgcore.DLL
0x00007ff9bade0000 - 0x00007ff9bae85000 	C:\WINDOWS\System32\bcryptPrimitives.dll
0x00007ff9551b0000 - 0x00007ff9551d5000 	C:\Program Files\Java\jdk-17\bin\java.dll

dbghelp: loaded successfully - version: 4.0.5 - missing functions: none
symbol engine: initialized successfully - sym options: 0x614 - pdb path: .;C:\Program Files\Java\jdk-17\bin;C:\WINDOWS\SYSTEM32;C:\WINDOWS\WinSxS\amd64_microsoft.windows.common-controls_6595b64144ccf1df_6.0.26100.7309_none_3e05feeae336a044;C:\Program Files\Java\jdk-17\bin\server

VM Arguments:
jvm_args: -Xmx64m -Xms64m -Dorg.gradle.appname=gradlew 
java_command: D:\Jan 2026\Rrooms\android\\gradle\wrapper\gradle-wrapper.jar app:installDebug -PreactNativeDevServerPort=8081
java_class_path (initial): D:\Jan 2026\Rrooms\android\\gradle\wrapper\gradle-wrapper.jar
Launcher Type: SUN_STANDARD

[Global flags]
     intx CICompilerCount                          = 12                                        {product} {ergonomic}
     uint ConcGCThreads                            = 4                                         {product} {ergonomic}
     uint G1ConcRefinementThreads                  = 15                                        {product} {ergonomic}
   size_t G1HeapRegionSize                         = 1048576                                   {product} {ergonomic}
    uintx GCDrainStackTargetSize                   = 64                                        {product} {ergonomic}
   size_t InitialHeapSize                          = 67108864                                  {product} {command line}
   size_t MarkStackSize                            = 4194304                                   {product} {ergonomic}
   size_t MaxHeapSize                              = 67108864                                  {product} {command line}
   size_t MinHeapDeltaBytes                        = 1048576                                   {product} {ergonomic}
   size_t MinHeapSize                              = 67108864                                  {product} {command line}
    uintx NonNMethodCodeHeapSize                   = 7602480                                {pd product} {ergonomic}
    uintx NonProfiledCodeHeapSize                  = 122027880                              {pd product} {ergonomic}
    uintx ProfiledCodeHeapSize                     = 122027880                              {pd product} {ergonomic}
    uintx ReservedCodeCacheSize                    = 251658240                              {pd product} {ergonomic}
     bool SegmentedCodeCache                       = true                                      {product} {ergonomic}
   size_t SoftMaxHeapSize                          = 67108864                               {manageable} {ergonomic}
     bool UseCompressedClassPointers               = true                           {product lp64_product} {ergonomic}
     bool UseCompressedOops                        = true                           {product lp64_product} {ergonomic}
     bool UseG1GC                                  = true                                      {product} {ergonomic}
     bool UseLargePagesIndividualAllocation        = false                                  {pd product} {ergonomic}

Logging:
Log output configuration:
 #0: stdout all=warning uptime,level,tags
 #1: stderr all=off uptime,level,tags

Environment Variables:
JAVA_HOME=C:\Program Files\Java\jdk-17
PATH=D:\Jan 2026\Rrooms\node_modules\.bin;D:\Jan 2026\Rrooms\node_modules\.bin;D:\Jan 2026\node_modules\.bin;D:\node_modules\.bin;C:\Users\USER\AppData\Roaming\npm\node_modules\npm\node_modules\@npmcli\run-script\lib\node-gyp-bin;C:\Program Files\Java\jdk-17\bin;C:\Program Files\Common Files\Oracle\Java\javapath;C:\Program Files (x86)\NVIDIA Corporation\PhysX\Common;C:\WINDOWS\system32;C:\WINDOWS;C:\WINDOWS\System32\Wbem;C:\WINDOWS\System32\WindowsPowerShell\v1.0\;C:\WINDOWS\System32\OpenSSH\;C:\Program Files\nodejs\;C:\Program Files\Git\cmd;C:\Program Files\Android\platform-tools;C:\Users\USER\AppData\Local\Android\Sdk\platform-tools;C:\Users\USER\AppData\Local\Android\Sdk\tools;C:\Users\USER\AppData\Local\Microsoft\WindowsApps;C:\Users\USER\AppData\Local\Programs\Microsoft VS Code\bin;C:\Users\USER\AppData\Roaming\npm;
USERNAME=Vijay
OS=Windows_NT
PROCESSOR_IDENTIFIER=Intel64 Family 6 Model 151 Stepping 2, GenuineIntel



---------------  S Y S T E M  ---------------

OS:
 Windows 11 , 64 bit Build 26100 (10.0.26100.7309)
OS uptime: 0 days 2:15 hours

CPU: total 20 (initial active 20) (10 cores per cpu, 2 threads per core) family 6 model 151 stepping 2 microcode 0x36, cx8, cmov, fxsr, ht, mmx, 3dnowpref, sse, sse2, sse3, ssse3, sse4.1, sse4.2, popcnt, lzcnt, tsc, tscinvbit, avx, avx2, aes, erms, clmul, bmi1, bmi2, adx, sha, fma, vzeroupper, clflush, clflushopt, clwb

Memory: 4k page, system-wide physical 16152M (2685M free)
TotalPageFile size 28325M (AvailPageFile size 36M)
current process WorkingSet (physical memory assigned to process): 11M, peak: 11M
current process commit charge ("private bytes"): 16M, peak: 17M

vm_info: Java HotSpot(TM) 64-Bit Server VM (17.0.12+8-LTS-286) for windows-amd64 JRE (17.0.12+8-LTS-286), built on Jun  5 2024 06:46:59 by "mach5one" with MS VC++ 17.6 (VS2022)

END.
